  Menu.cpp
C:\Users\Javier C\Desktop\Semestres\QUINTO SEMESTRE\EDD\PRO1\-EDD-Proyecto1_201801370\Scrabble\Menu.cpp(6,10): warning C4067: símbolos (token) inesperados después de la directiva del preprocesador; se esperaba una nueva línea
C:\Users\Javier C\Desktop\Semestres\QUINTO SEMESTRE\EDD\PRO1\-EDD-Proyecto1_201801370\Scrabble\Menu.cpp(154,23): error C2660: 'Menu::menuReportes': la función no acepta 1 argumentos
C:\Users\Javier C\Desktop\Semestres\QUINTO SEMESTRE\EDD\PRO1\-EDD-Proyecto1_201801370\Scrabble\Menu.h(7,7): message : vea la declaración de 'Menu::menuReportes'
C:\Users\Javier C\Desktop\Semestres\QUINTO SEMESTRE\EDD\PRO1\-EDD-Proyecto1_201801370\Scrabble\Menu.cpp(278,34): error C2660: 'Menu::menuReportes': la función no acepta 1 argumentos
C:\Users\Javier C\Desktop\Semestres\QUINTO SEMESTRE\EDD\PRO1\-EDD-Proyecto1_201801370\Scrabble\Menu.cpp(245,12): message : vea la declaración de 'Menu::menuReportes'
C:\Users\Javier C\Desktop\Semestres\QUINTO SEMESTRE\EDD\PRO1\-EDD-Proyecto1_201801370\Scrabble\Menu.cpp(283,34): error C2660: 'Menu::menuReportes': la función no acepta 1 argumentos
C:\Users\Javier C\Desktop\Semestres\QUINTO SEMESTRE\EDD\PRO1\-EDD-Proyecto1_201801370\Scrabble\Menu.cpp(245,12): message : vea la declaración de 'Menu::menuReportes'
C:\Users\Javier C\Desktop\Semestres\QUINTO SEMESTRE\EDD\PRO1\-EDD-Proyecto1_201801370\Scrabble\Menu.cpp(290,34): error C2660: 'Menu::menuReportes': la función no acepta 1 argumentos
C:\Users\Javier C\Desktop\Semestres\QUINTO SEMESTRE\EDD\PRO1\-EDD-Proyecto1_201801370\Scrabble\Menu.cpp(245,12): message : vea la declaración de 'Menu::menuReportes'
C:\Users\Javier C\Desktop\Semestres\QUINTO SEMESTRE\EDD\PRO1\-EDD-Proyecto1_201801370\Scrabble\Menu.cpp(297,34): error C2660: 'Menu::menuReportes': la función no acepta 1 argumentos
C:\Users\Javier C\Desktop\Semestres\QUINTO SEMESTRE\EDD\PRO1\-EDD-Proyecto1_201801370\Scrabble\Menu.cpp(245,12): message : vea la declaración de 'Menu::menuReportes'
C:\Users\Javier C\Desktop\Semestres\QUINTO SEMESTRE\EDD\PRO1\-EDD-Proyecto1_201801370\Scrabble\Menu.cpp(304,34): error C2660: 'Menu::menuReportes': la función no acepta 1 argumentos
C:\Users\Javier C\Desktop\Semestres\QUINTO SEMESTRE\EDD\PRO1\-EDD-Proyecto1_201801370\Scrabble\Menu.cpp(245,12): message : vea la declaración de 'Menu::menuReportes'
C:\Users\Javier C\Desktop\Semestres\QUINTO SEMESTRE\EDD\PRO1\-EDD-Proyecto1_201801370\Scrabble\Menu.cpp(317,34): error C2660: 'Menu::menuReportes': la función no acepta 1 argumentos
C:\Users\Javier C\Desktop\Semestres\QUINTO SEMESTRE\EDD\PRO1\-EDD-Proyecto1_201801370\Scrabble\Menu.cpp(245,12): message : vea la declaración de 'Menu::menuReportes'
C:\Users\Javier C\Desktop\Semestres\QUINTO SEMESTRE\EDD\PRO1\-EDD-Proyecto1_201801370\Scrabble\Menu.cpp(342,34): error C2660: 'Menu::menuReportes': la función no acepta 1 argumentos
C:\Users\Javier C\Desktop\Semestres\QUINTO SEMESTRE\EDD\PRO1\-EDD-Proyecto1_201801370\Scrabble\Menu.cpp(245,12): message : vea la declaración de 'Menu::menuReportes'
C:\Users\Javier C\Desktop\Semestres\QUINTO SEMESTRE\EDD\PRO1\-EDD-Proyecto1_201801370\Scrabble\Menu.cpp(449,12): warning C4244: 'argumento': conversión de 'time_t' a 'unsigned int'; posible pérdida de datos
C:\Users\Javier C\Desktop\Semestres\QUINTO SEMESTRE\EDD\PRO1\-EDD-Proyecto1_201801370\Scrabble\Menu.cpp(506,23): error C2660: 'Menu::menuReportes': la función no acepta 1 argumentos
C:\Users\Javier C\Desktop\Semestres\QUINTO SEMESTRE\EDD\PRO1\-EDD-Proyecto1_201801370\Scrabble\Menu.cpp(245,12): message : vea la declaración de 'Menu::menuReportes'
  Scrabble.cpp
C:\Users\Javier C\Desktop\Semestres\QUINTO SEMESTRE\EDD\PRO1\-EDD-Proyecto1_201801370\Scrabble\Scrabble.cpp(14,10): warning C4067: símbolos (token) inesperados después de la directiva del preprocesador; se esperaba una nueva línea
  Generando código...
